<?xml version="1.0" encoding="UTF-8"?>
<!-- Generated by org.testng.reporters.JUnitReportReporter -->
<testsuite hostname="LIN66003201" name="TestRunner" tests="2" failures="0" timestamp="25 Jun 2018 16:55:47 GMT" time="0.406" errors="0">
  <testcase name="feature" time="0.394" classname="TestRunner"/>
  <testcase name="feature" time="0.012" classname="TestRunner"/>
</testsuite> <!-- TestRunner -->
