<?xml version="1.0" encoding="UTF-8"?>
<!-- Generated by org.testng.reporters.JUnitReportReporter -->
<testsuite hostname="LIN66003201" name="TestRunner" tests="2" failures="0" timestamp="25 Jun 2018 15:59:22 GMT" time="0.522" errors="0">
  <testcase name="feature" time="0.003" classname="TestRunner"/>
  <testcase name="feature" time="0.519" classname="TestRunner"/>
</testsuite> <!-- TestRunner -->
